<?xml version="1.0" encoding="UTF-8"?>
<!-- Generated by org.testng.reporters.JUnitReportReporter -->
<testsuite ignored="0" hostname="Atsel" failures="0" tests="1" name="tests.BrowserTest" time="12.935" errors="0" timestamp="26 dic. 2023 03:35:08 GMT" skipped="0">
  <testcase classname="tests.BrowserTest" name="browserTest" time="12.935"/>
</testsuite> <!-- tests.BrowserTest -->
